<?xml version="1.0" encoding="UTF-8"?>
<testsuite name="com.ias.testTecnico.domain.usecase.reserveUseCase.ReserveUseCaseTest" tests="1" skipped="0" failures="0" errors="0" timestamp="2025-03-15T20:40:41" hostname="ALEXANDER" time="2.119">
  <properties/>
  <testcase name="search()" classname="com.ias.testTecnico.domain.usecase.reserveUseCase.ReserveUseCaseTest" time="2.119"/>
  <system-out><![CDATA[]]></system-out>
  <system-err><![CDATA[]]></system-err>
</testsuite>
